0 info it worked if it ends with ok
1 verbose cli [ 'c:\\Nodist\\v\\nodev6.4.0\\node.exe',
1 verbose cli   'C:\\Nodist\\bin\\node_modules\\npm\\bin\\npm-cli.js',
1 verbose cli   'install',
1 verbose cli   '-g',
1 verbose cli   'cordova',
1 verbose cli   'ionic' ]
2 info using npm@3.5.2
3 info using node@v6.4.0
4 silly loadCurrentTree Starting
5 silly install loadCurrentTree
6 silly install readGlobalPackageData
7 silly fetchPackageMetaData cordova
8 silly fetchPackageMetaData ionic
9 silly fetchNamedPackageData cordova
10 silly mapToRegistry name cordova
11 silly mapToRegistry using default registry
12 silly mapToRegistry registry https://registry.npmjs.org/
13 silly mapToRegistry uri https://registry.npmjs.org/cordova
14 silly fetchNamedPackageData ionic
15 silly mapToRegistry name ionic
16 silly mapToRegistry using default registry
17 silly mapToRegistry registry https://registry.npmjs.org/
18 silly mapToRegistry uri https://registry.npmjs.org/ionic
19 verbose request uri https://registry.npmjs.org/ionic
20 verbose request no auth needed
21 info attempt registry request try #1 at 2:34:32 AM
22 verbose request id 5b18bb76bd108c09
23 verbose etag "C2ANYRX77NGVLDLECKPEMT5ZC"
24 http request GET https://registry.npmjs.org/ionic
25 verbose request uri https://registry.npmjs.org/cordova
26 verbose request no auth needed
27 info attempt registry request try #1 at 2:34:32 AM
28 verbose etag "86XTSB4WRYIQ9Q8UW529XO1PU"
29 http request GET https://registry.npmjs.org/cordova
30 http 200 https://registry.npmjs.org/cordova
31 verbose headers { server: 'CouchDB/1.6.1 (Erlang OTP/R16B03)',
31 verbose headers   etag: '"3TJFI463WKHW08LRASATPMYB3"',
31 verbose headers   'content-type': 'application/json',
31 verbose headers   'content-encoding': 'gzip',
31 verbose headers   'cache-control': 'max-age=300',
31 verbose headers   'content-length': '50519',
31 verbose headers   'accept-ranges': 'bytes',
31 verbose headers   date: 'Tue, 30 Aug 2016 06:34:40 GMT',
31 verbose headers   via: '1.1 varnish',
31 verbose headers   age: '45',
31 verbose headers   connection: 'keep-alive',
31 verbose headers   'x-served-by': 'cache-sin6927-SIN',
31 verbose headers   'x-cache': 'HIT',
31 verbose headers   'x-cache-hits': '4',
31 verbose headers   'x-timer': 'S1472538880.196510,VS0,VE0',
31 verbose headers   vary: 'Accept-Encoding' }
32 silly get cb [ 200,
32 silly get   { server: 'CouchDB/1.6.1 (Erlang OTP/R16B03)',
32 silly get     etag: '"3TJFI463WKHW08LRASATPMYB3"',
32 silly get     'content-type': 'application/json',
32 silly get     'content-encoding': 'gzip',
32 silly get     'cache-control': 'max-age=300',
32 silly get     'content-length': '50519',
32 silly get     'accept-ranges': 'bytes',
32 silly get     date: 'Tue, 30 Aug 2016 06:34:40 GMT',
32 silly get     via: '1.1 varnish',
32 silly get     age: '45',
32 silly get     connection: 'keep-alive',
32 silly get     'x-served-by': 'cache-sin6927-SIN',
32 silly get     'x-cache': 'HIT',
32 silly get     'x-cache-hits': '4',
32 silly get     'x-timer': 'S1472538880.196510,VS0,VE0',
32 silly get     vary: 'Accept-Encoding' } ]
33 verbose get saving cordova to C:\Users\jim\AppData\Roaming\npm-cache\registry.npmjs.org\cordova\.cache.json
34 http 200 https://registry.npmjs.org/ionic
35 verbose headers { server: 'CouchDB/1.5.0 (Erlang OTP/R16B03)',
35 verbose headers   etag: '"2R8VZT8O7VQ2XT8WP5Z44F6CR"',
35 verbose headers   'content-type': 'application/json',
35 verbose headers   'content-encoding': 'gzip',
35 verbose headers   'cache-control': 'max-age=300',
35 verbose headers   'content-length': '65572',
35 verbose headers   'accept-ranges': 'bytes',
35 verbose headers   date: 'Tue, 30 Aug 2016 06:34:40 GMT',
35 verbose headers   via: '1.1 varnish',
35 verbose headers   age: '0',
35 verbose headers   connection: 'keep-alive',
35 verbose headers   'x-served-by': 'cache-sin6922-SIN',
35 verbose headers   'x-cache': 'HIT',
35 verbose headers   'x-cache-hits': '1',
35 verbose headers   'x-timer': 'S1472538880.239590,VS0,VE272',
35 verbose headers   vary: 'Accept-Encoding' }
36 silly get cb [ 200,
36 silly get   { server: 'CouchDB/1.5.0 (Erlang OTP/R16B03)',
36 silly get     etag: '"2R8VZT8O7VQ2XT8WP5Z44F6CR"',
36 silly get     'content-type': 'application/json',
36 silly get     'content-encoding': 'gzip',
36 silly get     'cache-control': 'max-age=300',
36 silly get     'content-length': '65572',
36 silly get     'accept-ranges': 'bytes',
36 silly get     date: 'Tue, 30 Aug 2016 06:34:40 GMT',
36 silly get     via: '1.1 varnish',
36 silly get     age: '0',
36 silly get     connection: 'keep-alive',
36 silly get     'x-served-by': 'cache-sin6922-SIN',
36 silly get     'x-cache': 'HIT',
36 silly get     'x-cache-hits': '1',
36 silly get     'x-timer': 'S1472538880.239590,VS0,VE272',
36 silly get     vary: 'Accept-Encoding' } ]
37 verbose get saving ionic to C:\Users\jim\AppData\Roaming\npm-cache\registry.npmjs.org\ionic\.cache.json
38 silly install normalizeTree
39 silly loadCurrentTree Finishing
40 silly loadIdealTree Starting
41 silly install loadIdealTree
42 silly cloneCurrentTree Starting
43 silly install cloneCurrentTreeToIdealTree
44 silly cloneCurrentTree Finishing
45 silly loadShrinkwrap Starting
46 silly install loadShrinkwrap
47 silly loadShrinkwrap Finishing
48 silly loadAllDepsIntoIdealTree Starting
49 silly install loadAllDepsIntoIdealTree
50 silly resolveWithNewModule cordova@6.3.1 checking installable status
51 silly cache add args [ 'cordova', null ]
52 verbose cache add spec cordova
53 silly resolveWithNewModule ionic@2.0.0 checking installable status
54 silly cache add args [ 'ionic', null ]
55 verbose cache add spec ionic
56 silly cache add parsed spec Result {
56 silly cache add   raw: 'cordova',
56 silly cache add   scope: null,
56 silly cache add   name: 'cordova',
56 silly cache add   rawSpec: '',
56 silly cache add   spec: 'latest',
56 silly cache add   type: 'tag' }
57 silly addNamed cordova@latest
58 verbose addNamed "latest" is being treated as a dist-tag for cordova
59 info addNameTag [ 'cordova', 'latest' ]
60 silly mapToRegistry name cordova
61 silly mapToRegistry using default registry
62 silly mapToRegistry registry https://registry.npmjs.org/
63 silly mapToRegistry uri https://registry.npmjs.org/cordova
64 verbose addNameTag registry:https://registry.npmjs.org/cordova not in flight; fetching
65 silly cache add parsed spec Result {
65 silly cache add   raw: 'ionic',
65 silly cache add   scope: null,
65 silly cache add   name: 'ionic',
65 silly cache add   rawSpec: '',
65 silly cache add   spec: 'latest',
65 silly cache add   type: 'tag' }
66 silly addNamed ionic@latest
67 verbose addNamed "latest" is being treated as a dist-tag for ionic
68 info addNameTag [ 'ionic', 'latest' ]
69 silly mapToRegistry name ionic
70 silly mapToRegistry using default registry
71 silly mapToRegistry registry https://registry.npmjs.org/
72 silly mapToRegistry uri https://registry.npmjs.org/ionic
73 verbose addNameTag registry:https://registry.npmjs.org/ionic not in flight; fetching
74 verbose request uri https://registry.npmjs.org/ionic
75 verbose request no auth needed
76 info attempt registry request try #1 at 2:34:50 AM
77 verbose etag "2R8VZT8O7VQ2XT8WP5Z44F6CR"
78 http request GET https://registry.npmjs.org/ionic
79 verbose request uri https://registry.npmjs.org/cordova
80 verbose request no auth needed
81 info attempt registry request try #1 at 2:34:51 AM
82 verbose etag "3TJFI463WKHW08LRASATPMYB3"
83 http request GET https://registry.npmjs.org/cordova
84 http 304 https://registry.npmjs.org/cordova
85 verbose headers { date: 'Tue, 30 Aug 2016 06:34:57 GMT',
85 verbose headers   via: '1.1 varnish',
85 verbose headers   'cache-control': 'max-age=300',
85 verbose headers   etag: '"3TJFI463WKHW08LRASATPMYB3"',
85 verbose headers   age: '62',
85 verbose headers   connection: 'keep-alive',
85 verbose headers   'x-served-by': 'cache-sin6922-SIN',
85 verbose headers   'x-cache': 'HIT',
85 verbose headers   'x-cache-hits': '1',
85 verbose headers   'x-timer': 'S1472538897.034291,VS0,VE0',
85 verbose headers   vary: 'Accept-Encoding' }
86 silly get cb [ 304,
86 silly get   { date: 'Tue, 30 Aug 2016 06:34:57 GMT',
86 silly get     via: '1.1 varnish',
86 silly get     'cache-control': 'max-age=300',
86 silly get     etag: '"3TJFI463WKHW08LRASATPMYB3"',
86 silly get     age: '62',
86 silly get     connection: 'keep-alive',
86 silly get     'x-served-by': 'cache-sin6922-SIN',
86 silly get     'x-cache': 'HIT',
86 silly get     'x-cache-hits': '1',
86 silly get     'x-timer': 'S1472538897.034291,VS0,VE0',
86 silly get     vary: 'Accept-Encoding' } ]
87 verbose etag https://registry.npmjs.org/cordova from cache
88 verbose get saving cordova to C:\Users\jim\AppData\Roaming\npm-cache\registry.npmjs.org\cordova\.cache.json
89 http 304 https://registry.npmjs.org/ionic
90 verbose headers { date: 'Tue, 30 Aug 2016 06:34:57 GMT',
90 verbose headers   via: '1.1 varnish',
90 verbose headers   'cache-control': 'max-age=300',
90 verbose headers   etag: '"2R8VZT8O7VQ2XT8WP5Z44F6CR"',
90 verbose headers   age: '17',
90 verbose headers   connection: 'keep-alive',
90 verbose headers   'x-served-by': 'cache-sin6927-SIN',
90 verbose headers   'x-cache': 'HIT',
90 verbose headers   'x-cache-hits': '1',
90 verbose headers   'x-timer': 'S1472538897.031772,VS0,VE0',
90 verbose headers   vary: 'Accept-Encoding' }
91 silly get cb [ 304,
91 silly get   { date: 'Tue, 30 Aug 2016 06:34:57 GMT',
91 silly get     via: '1.1 varnish',
91 silly get     'cache-control': 'max-age=300',
91 silly get     etag: '"2R8VZT8O7VQ2XT8WP5Z44F6CR"',
91 silly get     age: '17',
91 silly get     connection: 'keep-alive',
91 silly get     'x-served-by': 'cache-sin6927-SIN',
91 silly get     'x-cache': 'HIT',
91 silly get     'x-cache-hits': '1',
91 silly get     'x-timer': 'S1472538897.031772,VS0,VE0',
91 silly get     vary: 'Accept-Encoding' } ]
92 verbose etag https://registry.npmjs.org/ionic from cache
93 verbose get saving ionic to C:\Users\jim\AppData\Roaming\npm-cache\registry.npmjs.org\ionic\.cache.json
94 silly addNameTag next cb for ionic with tag latest
95 silly addNamed ionic@2.0.0
96 verbose addNamed "2.0.0" is a plain semver version for ionic
97 silly mapToRegistry name ionic
98 silly mapToRegistry using default registry
99 silly mapToRegistry registry https://registry.npmjs.org/
100 silly mapToRegistry uri https://registry.npmjs.org/ionic
101 verbose addRemoteTarball https://registry.npmjs.org/ionic/-/ionic-2.0.0.tgz not in flight; adding
102 verbose addRemoteTarball [ 'https://registry.npmjs.org/ionic/-/ionic-2.0.0.tgz',
102 verbose addRemoteTarball   '8135804e1f2470292100dedadc571e99023e4f7c' ]
103 info retry fetch attempt 1 at 2:34:51 AM
104 info attempt registry request try #1 at 2:34:51 AM
105 http fetch GET https://registry.npmjs.org/ionic/-/ionic-2.0.0.tgz
106 silly addNameTag next cb for cordova with tag latest
107 silly addNamed cordova@6.3.1
108 verbose addNamed "6.3.1" is a plain semver version for cordova
109 silly mapToRegistry name cordova
110 silly mapToRegistry using default registry
111 silly mapToRegistry registry https://registry.npmjs.org/
112 silly mapToRegistry uri https://registry.npmjs.org/cordova
113 verbose addRemoteTarball https://registry.npmjs.org/cordova/-/cordova-6.3.1.tgz not in flight; adding
114 verbose addRemoteTarball [ 'https://registry.npmjs.org/cordova/-/cordova-6.3.1.tgz',
114 verbose addRemoteTarball   '0513fa5c0aee5be63c853b214cfb83382a2f8c61' ]
115 info retry fetch attempt 1 at 2:34:51 AM
116 info attempt registry request try #1 at 2:34:51 AM
117 http fetch GET https://registry.npmjs.org/cordova/-/cordova-6.3.1.tgz
118 http fetch 200 https://registry.npmjs.org/ionic/-/ionic-2.0.0.tgz
119 http fetch 200 https://registry.npmjs.org/cordova/-/cordova-6.3.1.tgz
120 silly fetchAndShaCheck shasum 0513fa5c0aee5be63c853b214cfb83382a2f8c61
121 verbose addTmpTarball C:\Users\jim\AppData\Local\Temp\npm-7924-182867a0\registry.npmjs.org\cordova\-\cordova-6.3.1.tgz not in flight; adding
122 verbose addTmpTarball already have metadata; skipping unpack for cordova@6.3.1
123 silly cache afterAdd cordova@6.3.1
124 verbose afterAdd C:\Users\jim\AppData\Roaming\npm-cache\cordova\6.3.1\package\package.json not in flight; writing
125 verbose afterAdd C:\Users\jim\AppData\Roaming\npm-cache\cordova\6.3.1\package\package.json written
126 info retry will retry, error on last attempt: Error: read ECONNRESET
127 info retry will retry, error on last attempt: Error: read ECONNRESET
128 silly fetchAndShaCheck shasum 8135804e1f2470292100dedadc571e99023e4f7c
129 silly rollbackFailedOptional Starting
130 silly rollbackFailedOptional Finishing
131 silly runTopLevelLifecycles Starting
132 silly runTopLevelLifecycles Finishing
133 silly install printInstalled
134 verbose stack Error: shasum check failed for C:\Users\jim\AppData\Local\Temp\npm-7924-182867a0\registry.npmjs.org\ionic\-\ionic-2.0.0.tgz
134 verbose stack Expected: 8135804e1f2470292100dedadc571e99023e4f7c
134 verbose stack Actual:   6cf18ede53bc9ac459cf6a0c74185c0d47ede077
134 verbose stack From:     https://registry.npmjs.org/ionic/-/ionic-2.0.0.tgz
134 verbose stack     at C:\Nodist\bin\node_modules\npm\node_modules\sha\index.js:25:8
134 verbose stack     at ReadStream.<anonymous> (C:\Nodist\bin\node_modules\npm\node_modules\sha\index.js:72:7)
134 verbose stack     at emitNone (events.js:91:20)
134 verbose stack     at ReadStream.emit (events.js:185:7)
134 verbose stack     at endReadableNT (_stream_readable.js:975:12)
134 verbose stack     at _combinedTickCallback (internal/process/next_tick.js:74:11)
134 verbose stack     at process._tickCallback (internal/process/next_tick.js:98:9)
135 verbose cwd C:\Users\jim\stem2-mobile
136 error Windows_NT 6.3.9600
137 error argv "c:\\Nodist\\v\\nodev6.4.0\\node.exe" "C:\\Nodist\\bin\\node_modules\\npm\\bin\\npm-cli.js" "install" "-g" "cordova" "ionic"
138 error node v6.4.0
139 error npm  v3.5.2
140 error shasum check failed for C:\Users\jim\AppData\Local\Temp\npm-7924-182867a0\registry.npmjs.org\ionic\-\ionic-2.0.0.tgz
140 error Expected: 8135804e1f2470292100dedadc571e99023e4f7c
140 error Actual:   6cf18ede53bc9ac459cf6a0c74185c0d47ede077
140 error From:     https://registry.npmjs.org/ionic/-/ionic-2.0.0.tgz
141 error If you need help, you may report this error at:
141 error     <https://github.com/npm/npm/issues>
142 verbose exit [ 1, true ]
